# JRE version: OpenJDK Runtime Environment (8.0_242-b01) (build 1.8.0_242-release-1644-b01)
# Java VM: OpenJDK 64-Bit Server VM (25.242-b01 mixed mode windows-amd64 compressed oops)
Heap:
 PSYoungGen      total 606720K, used 480491K [0x00000000d5580000, 0x00000000ff880000, 0x0000000100000000)
  eden space 530432K, 86% used [0x00000000d5580000,0x00000000f1561dd8,0x00000000f5b80000)
  from space 76288K, 28% used [0x00000000f5b80000,0x00000000f70d9030,0x00000000fa600000)
  to   space 71168K, 0% used [0x00000000fb300000,0x00000000fb300000,0x00000000ff880000)
 ParOldGen       total 413184K, used 198479K [0x0000000080000000, 0x0000000099380000, 0x00000000d5580000)
  object space 413184K, 48% used [0x0000000080000000,0x000000008c1d3c40,0x0000000099380000)
 Metaspace       used 93600K, capacity 98606K, committed 102040K, reserved 1136640K
  class space    used 12218K, capacity 13096K, committed 14000K, reserved 1048576K
GC Heap History (10 events):
Event: 69.156 GC heap before
{Heap before GC invocations=28 (full 5):
 PSYoungGen      total 592896K, used 508136K [0x00000000d5580000, 0x00000000ff680000, 0x0000000100000000)
  eden space 500736K, 100% used [0x00000000d5580000,0x00000000f3e80000,0x00000000f3e80000)
  from space 92160K, 8% used [0x00000000f9c80000,0x00000000fa3ba320,0x00000000ff680000)
  to   space 94208K, 0% used [0x00000000f3e80000,0x00000000f3e80000,0x00000000f9a80000)
 ParOldGen       total 413184K, used 188148K [0x0000000080000000, 0x0000000099380000, 0x00000000d5580000)
  object space 413184K, 45% used [0x0000000080000000,0x000000008b7bd3b8,0x0000000099380000)
 Metaspace       used 93526K, capacity 98584K, committed 102040K, reserved 1136640K
  class space    used 12217K, capacity 13095K, committed 14000K, reserved 1048576K
Event: 69.166 GC heap after
Heap after GC invocations=28 (full 5):
 PSYoungGen      total 594944K, used 8686K [0x00000000d5580000, 0x00000000ffa00000, 0x0000000100000000)
  eden space 500736K, 0% used [0x00000000d5580000,0x00000000d5580000,0x00000000f3e80000)
  from space 94208K, 9% used [0x00000000f3e80000,0x00000000f46fb8a0,0x00000000f9a80000)
  to   space 90112K, 0% used [0x00000000fa200000,0x00000000fa200000,0x00000000ffa00000)
 ParOldGen       total 413184K, used 192046K [0x0000000080000000, 0x0000000099380000, 0x00000000d5580000)
  object space 413184K, 46% used [0x0000000080000000,0x000000008bb8ba90,0x0000000099380000)
 Metaspace       used 93526K, capacity 98584K, committed 102040K, reserved 1136640K
  class space    used 12217K, capacity 13095K, committed 14000K, reserved 1048576K
}
Event: 69.629 GC heap before
{Heap before GC invocations=29 (full 5):
 PSYoungGen      total 594944K, used 509422K [0x00000000d5580000, 0x00000000ffa00000, 0x0000000100000000)
  eden space 500736K, 100% used [0x00000000d5580000,0x00000000f3e80000,0x00000000f3e80000)
  from space 94208K, 9% used [0x00000000f3e80000,0x00000000f46fb8a0,0x00000000f9a80000)
  to   space 90112K, 0% used [0x00000000fa200000,0x00000000fa200000,0x00000000ffa00000)
 ParOldGen       total 413184K, used 192046K [0x0000000080000000, 0x0000000099380000, 0x00000000d5580000)
  object space 413184K, 46% used [0x0000000080000000,0x000000008bb8ba90,0x0000000099380000)
 Metaspace       used 93531K, capacity 98584K, committed 102040K, reserved 1136640K
  class space    used 12217K, capacity 13095K, committed 14000K, reserved 1048576K
Event: 69.641 GC heap after
Heap after GC invocations=29 (full 5):
 PSYoungGen      total 599552K, used 5964K [0x00000000d5580000, 0x00000000ff500000, 0x0000000100000000)
  eden space 514560K, 0% used [0x00000000d5580000,0x00000000d5580000,0x00000000f4c00000)
  from space 84992K, 7% used [0x00000000fa200000,0x00000000fa7d31d0,0x00000000ff500000)
  to   space 86528K, 0% used [0x00000000f4c00000,0x00000000f4c00000,0x00000000fa080000)
 ParOldGen       total 413184K, used 198463K [0x0000000080000000, 0x0000000099380000, 0x00000000d5580000)
  object space 413184K, 48% used [0x0000000080000000,0x000000008c1cfc40,0x0000000099380000)
 Metaspace       used 93531K, capacity 98584K, committed 102040K, reserved 1136640K
  class space    used 12217K, capacity 13095K, committed 14000K, reserved 1048576K
}
Event: 70.212 GC heap before
{Heap before GC invocations=30 (full 5):
 PSYoungGen      total 599552K, used 520524K [0x00000000d5580000, 0x00000000ff500000, 0x0000000100000000)
  eden space 514560K, 100% used [0x00000000d5580000,0x00000000f4c00000,0x00000000f4c00000)
  from space 84992K, 7% used [0x00000000fa200000,0x00000000fa7d31d0,0x00000000ff500000)
  to   space 86528K, 0% used [0x00000000f4c00000,0x00000000f4c00000,0x00000000fa080000)
 ParOldGen       total 413184K, used 198463K [0x0000000080000000, 0x0000000099380000, 0x00000000d5580000)
  object space 413184K, 48% used [0x0000000080000000,0x000000008c1cfc40,0x0000000099380000)
 Metaspace       used 93548K, capacity 98600K, committed 102040K, reserved 1136640K
  class space    used 12217K, capacity 13095K, committed 14000K, reserved 1048576K
Event: 70.226 GC heap after
Heap after GC invocations=30 (full 5):
 PSYoungGen      total 601088K, used 11173K [0x00000000d5580000, 0x00000000ff880000, 0x0000000100000000)
  eden space 514560K, 0% used [0x00000000d5580000,0x00000000d5580000,0x00000000f4c00000)
  from space 86528K, 12% used [0x00000000f4c00000,0x00000000f56e9490,0x00000000fa080000)
  to   space 81920K, 0% used [0x00000000fa880000,0x00000000fa880000,0x00000000ff880000)
 ParOldGen       total 413184K, used 198471K [0x0000000080000000, 0x0000000099380000, 0x00000000d5580000)
  object space 413184K, 48% used [0x0000000080000000,0x000000008c1d1c40,0x0000000099380000)
 Metaspace       used 93548K, capacity 98600K, committed 102040K, reserved 1136640K
  class space    used 12217K, capacity 13095K, committed 14000K, reserved 1048576K
}
Event: 70.817 GC heap before
{Heap before GC invocations=31 (full 5):
 PSYoungGen      total 601088K, used 525733K [0x00000000d5580000, 0x00000000ff880000, 0x0000000100000000)
  eden space 514560K, 100% used [0x00000000d5580000,0x00000000f4c00000,0x00000000f4c00000)
  from space 86528K, 12% used [0x00000000f4c00000,0x00000000f56e9490,0x00000000fa080000)
  to   space 81920K, 0% used [0x00000000fa880000,0x00000000fa880000,0x00000000ff880000)
 ParOldGen       total 413184K, used 198471K [0x0000000080000000, 0x0000000099380000, 0x00000000d5580000)
  object space 413184K, 48% used [0x0000000080000000,0x000000008c1d1c40,0x0000000099380000)
 Metaspace       used 93583K, capacity 98602K, committed 102040K, reserved 1136640K
  class space    used 12218K, capacity 13096K, committed 14000K, reserved 1048576K
Event: 70.835 GC heap after
Heap after GC invocations=31 (full 5):
 PSYoungGen      total 604160K, used 19747K [0x00000000d5580000, 0x00000000ff080000, 0x0000000100000000)
  eden space 530432K, 0% used [0x00000000d5580000,0x00000000d5580000,0x00000000f5b80000)
  from space 73728K, 26% used [0x00000000fa880000,0x00000000fbbc8d28,0x00000000ff080000)
  to   space 76288K, 0% used [0x00000000f5b80000,0x00000000f5b80000,0x00000000fa600000)
 ParOldGen       total 413184K, used 198471K [0x0000000080000000, 0x0000000099380000, 0x00000000d5580000)
  object space 413184K, 48% used [0x0000000080000000,0x000000008c1d1c40,0x0000000099380000)
 Metaspace       used 93583K, capacity 98602K, committed 102040K, reserved 1136640K
  class space    used 12218K, capacity 13096K, committed 14000K, reserved 1048576K
}
Event: 71.557 GC heap before
{Heap before GC invocations=32 (full 5):
 PSYoungGen      total 604160K, used 550179K [0x00000000d5580000, 0x00000000ff080000, 0x0000000100000000)
  eden space 530432K, 100% used [0x00000000d5580000,0x00000000f5b80000,0x00000000f5b80000)
  from space 73728K, 26% used [0x00000000fa880000,0x00000000fbbc8d28,0x00000000ff080000)
  to   space 76288K, 0% used [0x00000000f5b80000,0x00000000f5b80000,0x00000000fa600000)
 ParOldGen       total 413184K, used 198471K [0x0000000080000000, 0x0000000099380000, 0x00000000d5580000)
  object space 413184K, 48% used [0x0000000080000000,0x000000008c1d1c40,0x0000000099380000)
 Metaspace       used 93598K, capacity 98606K, committed 102040K, reserved 1136640K
  class space    used 12218K, capacity 13096K, committed 14000K, reserved 1048576K
Event: 71.572 GC heap after
Heap after GC invocations=32 (full 5):
 PSYoungGen      total 606720K, used 21860K [0x00000000d5580000, 0x00000000ff880000, 0x0000000100000000)
  eden space 530432K, 0% used [0x00000000d5580000,0x00000000d5580000,0x00000000f5b80000)
  from space 76288K, 28% used [0x00000000f5b80000,0x00000000f70d9030,0x00000000fa600000)
  to   space 71168K, 0% used [0x00000000fb300000,0x00000000fb300000,0x00000000ff880000)
 ParOldGen       total 413184K, used 198479K [0x0000000080000000, 0x0000000099380000, 0x00000000d5580000)
  object space 413184K, 48% used [0x0000000080000000,0x000000008c1d3c40,0x0000000099380000)
 Metaspace       used 93598K, capacity 98606K, committed 102040K, reserved 1136640K
  class space    used 12218K, capacity 13096K, committed 14000K, reserved 1048576K
}

